<?xml version="1.0" encoding="UTF-8"?>
<!-- Generated by org.testng.reporters.JUnitXMLReporter -->
<testsuite ignored="0" hostname="DESKTOP-MEL0TQP" failures="1" tests="1" name="Test" time="19.475" errors="0" timestamp="2023-12-07T21:37:46 IST">
  <testcase classname="Campaigns.CreateCampaignTest1" name="createCampaignTest1" time="7.924">
    <failure type="java.lang.AssertionError" message="expected [true] but found [false]">
      <![CDATA[java.lang.AssertionError: expected [true] but found [false]
at Campaigns.CreateCampaignTest1.createCampaignTest1(CreateCampaignTest1.java:104)
at java.base/java.util.ArrayList.forEach(ArrayList.java:1511)
... Removed 32 stack frames]]>
    </failure>
  </testcase> <!-- createCampaignTest1 -->
</testsuite> <!-- Test -->
